2024-11-23 13:34:50,423 [INFO] Activator:176 - 


2024-11-23 13:34:50,429 [INFO] Activator:177 - !SESSION log4j initialized
2024-11-23 13:34:57,569 [INFO] LogOutputStream:77 - [STDOUT_REDIRECT] 
2024-11-23 13:35:03,727 [INFO] ApplicationProperties:184 - Using Application install path: C:\ST\STM32CubeIDE_1.16.1\STM32CubeIDE\plugins\com.st.stm32cube.common.mx_6.12.1.202409122256
2024-11-23 13:35:03,744 [INFO] DbMcusXml:78 - Set database path to: C:\ST\STM32CubeIDE_1.16.1\STM32CubeIDE\plugins\com.st.stm32cube.common.mx_6.12.1.202409122256\\db\/mcu/
2024-11-23 13:35:03,744 [INFO] ApiDb:274 - Set plugin database path to: C:\ST\STM32CubeIDE_1.16.1\STM32CubeIDE\plugins\com.st.stm32cube.common.mx_6.12.1.202409122256\\db\/plugins/boardmanager/
2024-11-23 13:35:03,744 [WARN] ApiDb:259 - Overriding images path with different value:  => C:\ST\STM32CubeIDE_1.16.1\STM32CubeIDE\plugins\com.st.stm32cube.common.mx_6.12.1.202409122256\\db\/plugins/mcufinder/images/
2024-11-23 13:35:03,751 [INFO] ApiDb:250 - Set database path to: C:\Users\mtzam\.stmcufinder\plugins\mcufinder//mcu/
2024-11-23 13:35:03,752 [INFO] DbMcusAds:125 - Set database path to: C:\Users\mtzam\.stmcufinder\plugins\mcufinder//mcu/
2024-11-23 13:35:03,755 [INFO] CrossReferenceDbSqlite:203 - Set database path to: C:\Users\mtzam\.stmcufinder\plugins\mcufinder//mcu/cs/
2024-11-23 13:35:03,855 [INFO] RulesReader:64 - Compatibility file has been processed (297 Rules)
2024-11-23 13:35:03,939 [INFO] DbMcusXml:78 - Set database path to: C:\ST\STM32CubeIDE_1.16.1\STM32CubeIDE\plugins\com.st.stm32cube.common.mx_6.12.1.202409122256\\db\/mcu/
2024-11-23 13:35:03,939 [INFO] ApiDb:274 - Set plugin database path to: C:\ST\STM32CubeIDE_1.16.1\STM32CubeIDE\plugins\com.st.stm32cube.common.mx_6.12.1.202409122256\\db\/plugins/boardmanager/
2024-11-23 13:35:03,939 [INFO] ApiDb:261 - Set plugin images path to: C:\ST\STM32CubeIDE_1.16.1\STM32CubeIDE\plugins\com.st.stm32cube.common.mx_6.12.1.202409122256\\db\/plugins/mcufinder/images/
2024-11-23 13:35:03,940 [WARN] DbFile:41 - Overriding database path with different value: C:\Users\mtzam\.stmcufinder\plugins\mcufinder/ => C:\Users\mtzam\.stmcufinder\plugins\mcufinder
2024-11-23 13:35:03,940 [INFO] ApiDb:250 - Set database path to: C:\Users\mtzam\.stmcufinder\plugins\mcufinder//mcu/
2024-11-23 13:35:03,940 [WARN] DbFile:41 - Overriding database path with different value: C:\Users\mtzam\.stmcufinder\plugins\mcufinder/ => C:\Users\mtzam\.stmcufinder\plugins\mcufinder
2024-11-23 13:35:03,940 [INFO] DbMcusAds:125 - Set database path to: C:\Users\mtzam\.stmcufinder\plugins\mcufinder//mcu/
2024-11-23 13:35:03,940 [WARN] DbFile:41 - Overriding database path with different value: C:\Users\mtzam\.stmcufinder\plugins\mcufinder/ => C:\Users\mtzam\.stmcufinder\plugins\mcufinder
2024-11-23 13:35:03,940 [WARN] DbFile:41 - Overriding database path with different value: C:\Users\mtzam\.stmcufinder\plugins\mcufinder/ => C:\Users\mtzam\.stmcufinder\plugins\mcufinder
2024-11-23 13:35:03,940 [INFO] CrossReferenceDbSqlite:203 - Set database path to: C:\Users\mtzam\.stmcufinder\plugins\mcufinder//mcu/cs/
2024-11-23 13:35:04,013 [INFO] MainPanel:268 - HeapMemory: 268435456
2024-11-23 13:35:04,117 [INFO] DbMcusXml:78 - Set database path to: C:\ST\STM32CubeIDE_1.16.1\STM32CubeIDE\plugins\com.st.stm32cube.common.mx_6.12.1.202409122256\\db\/mcu/
2024-11-23 13:35:04,117 [INFO] ApiDb:274 - Set plugin database path to: C:\ST\STM32CubeIDE_1.16.1\STM32CubeIDE\plugins\com.st.stm32cube.common.mx_6.12.1.202409122256\\db\/plugins/boardmanager/
2024-11-23 13:35:04,117 [INFO] ApiDb:261 - Set plugin images path to: C:\ST\STM32CubeIDE_1.16.1\STM32CubeIDE\plugins\com.st.stm32cube.common.mx_6.12.1.202409122256\\db\/plugins/mcufinder/images/
2024-11-23 13:35:04,117 [WARN] DbFile:41 - Overriding database path with different value: C:\Users\mtzam\.stmcufinder\plugins\mcufinder/ => C:\Users\mtzam\.stmcufinder\plugins\mcufinder
2024-11-23 13:35:04,117 [INFO] ApiDb:250 - Set database path to: C:\Users\mtzam\.stmcufinder\plugins\mcufinder//mcu/
2024-11-23 13:35:04,117 [WARN] DbFile:41 - Overriding database path with different value: C:\Users\mtzam\.stmcufinder\plugins\mcufinder/ => C:\Users\mtzam\.stmcufinder\plugins\mcufinder
2024-11-23 13:35:04,117 [INFO] DbMcusAds:125 - Set database path to: C:\Users\mtzam\.stmcufinder\plugins\mcufinder//mcu/
2024-11-23 13:35:04,117 [WARN] DbFile:41 - Overriding database path with different value: C:\Users\mtzam\.stmcufinder\plugins\mcufinder/ => C:\Users\mtzam\.stmcufinder\plugins\mcufinder
2024-11-23 13:35:04,117 [WARN] DbFile:41 - Overriding database path with different value: C:\Users\mtzam\.stmcufinder\plugins\mcufinder/ => C:\Users\mtzam\.stmcufinder\plugins\mcufinder
2024-11-23 13:35:04,117 [INFO] CrossReferenceDbSqlite:203 - Set database path to: C:\Users\mtzam\.stmcufinder\plugins\mcufinder//mcu/cs/
2024-11-23 13:35:04,134 [INFO] ApplicationProperties:184 - Using Application install path: C:\ST\STM32CubeIDE_1.16.1\STM32CubeIDE\plugins\com.st.stm32cube.common.mx_6.12.1.202409122256
2024-11-23 13:35:04,135 [INFO] PluginManage:196 - Search for loadable plugins [exclusion list=, ]
2024-11-23 13:35:04,136 [INFO] PluginManage:310 - Check plugin analytics
2024-11-23 13:35:04,287 [INFO] AnalyticsPlugin:253 - Accepted Software Licenses: 
2024-11-23 13:35:04,287 [INFO] AnalyticsPlugin:255 - Accepted CMSIS Pack Licenses: 
2024-11-23 13:35:04,287 [INFO] AnalyticsPlugin:257 - Accepted Firmware Licenses: 
2024-11-23 13:35:04,290 [INFO] PluginManage:359 - Loaded plugin analytics (category:tool,tabindex:-1)
2024-11-23 13:35:04,291 [INFO] PluginManage:310 - Check plugin cadmodel
2024-11-23 13:35:04,307 [INFO] CADModel:105 - Init CAD model plugin
2024-11-23 13:35:04,308 [INFO] PluginManage:359 - Loaded plugin cadmodel (category:power,tabindex:5)
2024-11-23 13:35:04,308 [INFO] PluginManage:310 - Check plugin clock
2024-11-23 13:35:04,328 [INFO] PluginManage:359 - Loaded plugin clock (category:base,tabindex:2)
2024-11-23 13:35:04,328 [INFO] PluginManage:310 - Check plugin ddr
2024-11-23 13:35:04,331 [INFO] PluginManage:359 - Loaded plugin ddr (category:tool,tabindex:6)
2024-11-23 13:35:04,331 [INFO] PluginManage:310 - Check plugin filemanager
2024-11-23 13:35:04,475 [INFO] PluginManage:359 - Loaded plugin filemanager (category:base,tabindex:10)
2024-11-23 13:35:04,476 [INFO] PluginManage:310 - Check plugin ipmanager
2024-11-23 13:35:04,482 [INFO] PluginManage:359 - Loaded plugin ipmanager (category:base,tabindex:5)
2024-11-23 13:35:04,482 [INFO] PluginManage:310 - Check plugin lpbam
2024-11-23 13:35:04,501 [INFO] PluginManage:359 - Loaded plugin lpbam (category:base,tabindex:0)
2024-11-23 13:35:04,502 [INFO] PluginManage:310 - Check plugin memorymap
2024-11-23 13:35:04,526 [INFO] PluginManage:359 - Loaded plugin memorymap (category:base,tabindex:4)
2024-11-23 13:35:04,527 [INFO] PluginManage:310 - Check plugin pinoutandconfiguration
2024-11-23 13:35:04,546 [INFO] PluginManage:359 - Loaded plugin pinoutandconfiguration (category:base,tabindex:1)
2024-11-23 13:35:04,546 [INFO] PluginManage:310 - Check plugin pinoutconfig
2024-11-23 13:35:04,638 [WARN] SupportedApi:132 - Cannot load RTOS API schema: s4s-elt-must-match.1: The content of 'definitions' must match (annotation?, (simpleType | complexType)?, (unique | key | keyref)*)). A problem was found starting at: attribute.
2024-11-23 13:35:04,757 [INFO] PluginManage:359 - Loaded plugin pinoutconfig (category:base,tabindex:0)
2024-11-23 13:35:04,757 [INFO] PluginManage:310 - Check plugin power
2024-11-23 13:35:04,776 [INFO] PluginManage:359 - Loaded plugin power (category:power,tabindex:4)
2024-11-23 13:35:04,776 [INFO] PluginManage:310 - Check plugin projectmanager
2024-11-23 13:35:04,792 [INFO] PluginManage:359 - Loaded plugin projectmanager (category:projectmanager,tabindex:4)
2024-11-23 13:35:04,793 [INFO] PluginManage:310 - Check plugin rif
2024-11-23 13:35:04,808 [INFO] PluginManage:359 - Loaded plugin rif (category:base,tabindex:3)
2024-11-23 13:35:04,809 [INFO] PluginManage:310 - Check plugin thirdparty
2024-11-23 13:35:05,093 [INFO] PluginManage:359 - Loaded plugin thirdparty (category:base,tabindex:-1)
2024-11-23 13:35:05,093 [WARN] IntegrityCheckThread:84 - waiting for thirdparty lock release [integrity check]
2024-11-23 13:35:05,093 [INFO] PluginManage:310 - Check plugin tools
2024-11-23 13:35:05,093 [INFO] IntegrityCheckThread:86 - entering critical section [integrity check]
2024-11-23 13:35:05,093 [INFO] ThirdPartyUpdaterWithRetryManager:70 - Updater plugin not ready yet. [1/15]
2024-11-23 13:35:05,131 [INFO] PluginManage:359 - Loaded plugin tools (category:base,tabindex:7)
2024-11-23 13:35:05,131 [INFO] PluginManage:310 - Check plugin tutovideos
2024-11-23 13:35:05,368 [INFO] PluginManage:359 - Loaded plugin tutovideos (category:base,tabindex:-1)
2024-11-23 13:35:05,368 [INFO] PluginManage:310 - Check plugin updater
2024-11-23 13:35:05,383 [INFO] PluginManage:359 - Loaded plugin updater (category:base,tabindex:12)
2024-11-23 13:35:05,383 [INFO] PluginManage:310 - Check plugin userauth
2024-11-23 13:35:05,389 [INFO] UserAuth:113 - Init User Auth plugin
2024-11-23 13:35:05,389 [INFO] PluginManage:359 - Loaded plugin userauth (category:base,tabindex:14)
2024-11-23 13:35:05,390 [INFO] PluginManage:283 - PluginManage : Loaded plugins [18]
2024-11-23 13:35:05,604 [INFO] PinOutPanel:1561 - setPackage(No Configuration,No Configuration)
2024-11-23 13:35:05,696 [INFO] CADModel:165 - CPN selected for project level
2024-11-23 13:35:05,696 [INFO] CADModel:114 - Register for checkConnection events
2024-11-23 13:35:05,724 [INFO] IPUIPlugin:80 - create IPUIPlugin
2024-11-23 13:35:05,725 [INFO] PluginManager:220 - loadIPPluginJar : add adc
2024-11-23 13:35:05,765 [INFO] IPUIPlugin:80 - create IPUIPlugin
2024-11-23 13:35:05,766 [INFO] PluginManager:220 - loadIPPluginJar : add aes
2024-11-23 13:35:05,814 [INFO] IPUIPlugin:80 - create IPUIPlugin
2024-11-23 13:35:05,815 [INFO] PluginManager:220 - loadIPPluginJar : add can
2024-11-23 13:35:05,845 [INFO] IPUIPlugin:80 - create IPUIPlugin
2024-11-23 13:35:05,845 [INFO] PluginManager:220 - loadIPPluginJar : add comp
2024-11-23 13:35:05,878 [INFO] IPUIPlugin:80 - create IPUIPlugin
2024-11-23 13:35:05,878 [INFO] PluginManager:220 - loadIPPluginJar : add cryp
2024-11-23 13:35:05,891 [INFO] IPUIPlugin:80 - create IPUIPlugin
2024-11-23 13:35:05,891 [INFO] PluginManager:220 - loadIPPluginJar : add ddr_ctrl_phy
2024-11-23 13:35:05,924 [INFO] IPUIPlugin:80 - create IPUIPlugin
2024-11-23 13:35:05,924 [INFO] PluginManager:220 - loadIPPluginJar : add dfsdm
2024-11-23 13:35:05,938 [INFO] IPUIPlugin:80 - create IPUIPlugin
2024-11-23 13:35:05,938 [INFO] PluginManager:220 - loadIPPluginJar : add dma
2024-11-23 13:35:05,986 [INFO] IPUIPlugin:80 - create IPUIPlugin
2024-11-23 13:35:05,986 [INFO] PluginManager:220 - loadIPPluginJar : add dma3
2024-11-23 13:35:06,037 [INFO] IPUIPlugin:80 - create IPUIPlugin
2024-11-23 13:35:06,037 [INFO] PluginManager:220 - loadIPPluginJar : add extmemmanager
2024-11-23 13:35:06,060 [INFO] IPUIPlugin:80 - create IPUIPlugin
2024-11-23 13:35:06,060 [INFO] PluginManager:220 - loadIPPluginJar : add fatfs
2024-11-23 13:35:06,112 [INFO] IPUIPlugin:80 - create IPUIPlugin
2024-11-23 13:35:06,112 [INFO] PluginManager:220 - loadIPPluginJar : add fmc
2024-11-23 13:35:06,129 [INFO] IPUIPlugin:80 - create IPUIPlugin
2024-11-23 13:35:06,129 [INFO] PluginManager:220 - loadIPPluginJar : add freertos
2024-11-23 13:35:06,151 [INFO] IPUIPlugin:80 - create IPUIPlugin
2024-11-23 13:35:06,151 [INFO] PluginManager:220 - loadIPPluginJar : add genericplugin
2024-11-23 13:35:06,239 [INFO] IPUIPlugin:80 - create IPUIPlugin
2024-11-23 13:35:06,240 [INFO] PluginManager:220 - loadIPPluginJar : add gfxmmu
2024-11-23 13:35:06,371 [INFO] IPUIPlugin:80 - create IPUIPlugin
2024-11-23 13:35:06,372 [INFO] PluginManager:220 - loadIPPluginJar : add gic
2024-11-23 13:35:06,384 [INFO] IPUIPlugin:80 - create IPUIPlugin
2024-11-23 13:35:06,384 [INFO] PluginManager:220 - loadIPPluginJar : add gpio
2024-11-23 13:35:06,481 [INFO] IPUIPlugin:80 - create IPUIPlugin
2024-11-23 13:35:06,481 [INFO] PluginManager:220 - loadIPPluginJar : add gtzc
2024-11-23 13:35:06,517 [INFO] IPUIPlugin:80 - create IPUIPlugin
2024-11-23 13:35:06,517 [INFO] PluginManager:220 - loadIPPluginJar : add hash
2024-11-23 13:35:06,564 [INFO] IPUIPlugin:80 - create IPUIPlugin
2024-11-23 13:35:06,564 [INFO] PluginManager:220 - loadIPPluginJar : add i2c
2024-11-23 13:35:06,604 [INFO] IPUIPlugin:80 - create IPUIPlugin
2024-11-23 13:35:06,605 [INFO] PluginManager:220 - loadIPPluginJar : add i2s
2024-11-23 13:35:06,642 [INFO] IPUIPlugin:80 - create IPUIPlugin
2024-11-23 13:35:06,642 [INFO] PluginManager:220 - loadIPPluginJar : add i3c
2024-11-23 13:35:06,742 [INFO] IPUIPlugin:80 - create IPUIPlugin
2024-11-23 13:35:06,742 [INFO] PluginManager:220 - loadIPPluginJar : add ipddr
2024-11-23 13:35:06,840 [INFO] IPUIPlugin:80 - create IPUIPlugin
2024-11-23 13:35:06,840 [INFO] PluginManager:220 - loadIPPluginJar : add linkedlist
2024-11-23 13:35:06,888 [INFO] IPUIPlugin:80 - create IPUIPlugin
2024-11-23 13:35:06,888 [INFO] PluginManager:220 - loadIPPluginJar : add lorawan
2024-11-23 13:35:06,926 [INFO] IPUIPlugin:80 - create IPUIPlugin
2024-11-23 13:35:06,926 [INFO] PluginManager:220 - loadIPPluginJar : add ltdc
2024-11-23 13:35:06,943 [INFO] IPUIPlugin:80 - create IPUIPlugin
2024-11-23 13:35:06,943 [INFO] PluginManager:220 - loadIPPluginJar : add mdma
2024-11-23 13:35:06,956 [INFO] IPUIPlugin:80 - create IPUIPlugin
2024-11-23 13:35:06,956 [INFO] PluginManager:220 - loadIPPluginJar : add nvic
2024-11-23 13:35:06,996 [INFO] IPUIPlugin:80 - create IPUIPlugin
2024-11-23 13:35:06,996 [INFO] PluginManager:220 - loadIPPluginJar : add opamp
2024-11-23 13:35:07,067 [INFO] IPUIPlugin:80 - create IPUIPlugin
2024-11-23 13:35:07,068 [INFO] PluginManager:220 - loadIPPluginJar : add openamp
2024-11-23 13:35:07,119 [INFO] IPUIPlugin:80 - create IPUIPlugin
2024-11-23 13:35:07,119 [INFO] PluginManager:220 - loadIPPluginJar : add pdm2pcm
2024-11-23 13:35:07,134 [INFO] IPUIPlugin:80 - create IPUIPlugin
2024-11-23 13:35:07,136 [INFO] PluginManager:220 - loadIPPluginJar : add plateformsettings
2024-11-23 13:35:07,166 [INFO] IPUIPlugin:80 - create IPUIPlugin
2024-11-23 13:35:07,166 [INFO] PluginManager:220 - loadIPPluginJar : add quadspi
2024-11-23 13:35:07,196 [INFO] IPUIPlugin:80 - create IPUIPlugin
2024-11-23 13:35:07,197 [INFO] PluginManager:220 - loadIPPluginJar : add radio
2024-11-23 13:35:07,210 [INFO] IPUIPlugin:80 - create IPUIPlugin
2024-11-23 13:35:07,210 [INFO] PluginManager:220 - loadIPPluginJar : add resmgrutility
2024-11-23 13:35:07,259 [INFO] IPUIPlugin:80 - create IPUIPlugin
2024-11-23 13:35:07,260 [INFO] PluginManager:220 - loadIPPluginJar : add sai
2024-11-23 13:35:07,307 [INFO] IPUIPlugin:80 - create IPUIPlugin
2024-11-23 13:35:07,307 [INFO] PluginManager:220 - loadIPPluginJar : add spi
2024-11-23 13:35:07,383 [INFO] IPUIPlugin:80 - create IPUIPlugin
2024-11-23 13:35:07,383 [INFO] PluginManager:220 - loadIPPluginJar : add stm32_wpan
2024-11-23 13:35:07,410 [INFO] IPUIPlugin:80 - create IPUIPlugin
2024-11-23 13:35:07,410 [INFO] PluginManager:220 - loadIPPluginJar : add tim
2024-11-23 13:35:07,476 [INFO] IPUIPlugin:80 - create IPUIPlugin
2024-11-23 13:35:07,476 [INFO] PluginManager:220 - loadIPPluginJar : add touchsensing
2024-11-23 13:35:07,501 [INFO] IPUIPlugin:80 - create IPUIPlugin
2024-11-23 13:35:07,501 [INFO] PluginManager:220 - loadIPPluginJar : add tracer_emb
2024-11-23 13:35:07,528 [INFO] IPUIPlugin:80 - create IPUIPlugin
2024-11-23 13:35:07,528 [INFO] PluginManager:220 - loadIPPluginJar : add ts
2024-11-23 13:35:07,553 [INFO] IPUIPlugin:80 - create IPUIPlugin
2024-11-23 13:35:07,553 [INFO] PluginManager:220 - loadIPPluginJar : add tsc
2024-11-23 13:35:07,578 [INFO] IPUIPlugin:80 - create IPUIPlugin
2024-11-23 13:35:07,578 [INFO] PluginManager:220 - loadIPPluginJar : add ucpd
2024-11-23 13:35:07,625 [INFO] IPUIPlugin:80 - create IPUIPlugin
2024-11-23 13:35:07,625 [INFO] PluginManager:220 - loadIPPluginJar : add usart
2024-11-23 13:35:07,671 [INFO] IPUIPlugin:80 - create IPUIPlugin
2024-11-23 13:35:07,671 [INFO] PluginManager:220 - loadIPPluginJar : add usbx
2024-11-23 13:35:07,784 [INFO] CADModel:165 - CPN selected for project level
2024-11-23 13:35:07,784 [INFO] CADModel:114 - Register for checkConnection events
2024-11-23 13:35:07,784 [FATAL] Updater:334 - Updater called before beeing initialized
2024-11-23 13:35:07,784 [ERROR] CADModel:125 - Updater not yet initialized, retry later 
2024-11-23 13:35:07,901 [INFO] CADModel:165 - CPN selected for project level
2024-11-23 13:35:07,901 [INFO] CADModel:114 - Register for checkConnection events
2024-11-23 13:35:07,901 [FATAL] Updater:334 - Updater called before beeing initialized
2024-11-23 13:35:07,901 [ERROR] CADModel:125 - Updater not yet initialized, retry later 
2024-11-23 13:35:07,903 [FATAL] Updater:334 - Updater called before beeing initialized
2024-11-23 13:35:08,012 [FATAL] Updater:334 - Updater called before beeing initialized
2024-11-23 13:35:08,026 [INFO] DbMcusAds:53 - JSON generation date=Fri Sep 20 07:04:38 CST 2024 (1726837478367)
2024-11-23 13:35:08,026 [FATAL] Updater:334 - Updater called before beeing initialized
2024-11-23 13:35:08,062 [WARN] DetailPanel:346 - Failed to get advertising image, set to default
2024-11-23 13:35:08,094 [INFO] ThirdPartyUpdaterWithRetryManager:70 - Updater plugin not ready yet. [2/15]
2024-11-23 13:35:08,129 [FATAL] Updater:334 - Updater called before beeing initialized
2024-11-23 13:35:08,130 [FATAL] Updater:334 - Updater called before beeing initialized
2024-11-23 13:35:08,131 [FATAL] Updater:334 - Updater called before beeing initialized
2024-11-23 13:35:08,131 [WARN] DetailPanel:346 - Failed to get advertising image, set to default
2024-11-23 13:35:08,131 [FATAL] Updater:334 - Updater called before beeing initialized
2024-11-23 13:35:08,187 [ERROR] Updater:1164 - MainUpdater not yet initialized. External WinMGr cannot be set.
2024-11-23 13:35:08,198 [INFO] Updater:1100 - Updater Version found : 6.12.1
2024-11-23 13:35:08,214 [INFO] ApplicationProperties:184 - Using Application install path: C:\ST\STM32CubeIDE_1.16.1\STM32CubeIDE\plugins\com.st.stm32cube.common.mx_6.12.1.202409122256
2024-11-23 13:35:09,794 [ERROR] LogOutputStream:75 - [STDERR_REDIRECT] Nov 23, 2024 1:35:09 PM java.util.prefs.WindowsPreferences <init>
2024-11-23 13:35:09,795 [ERROR] LogOutputStream:75 - [STDERR_REDIRECT] WARNING: Could not open/create prefs root node Software\JavaSoft\Prefs at root 0xffffffff80000002. Windows RegCreateKeyEx(...) returned error code 5.
2024-11-23 13:35:09,795 [ERROR] LogOutputStream:75 - [STDERR_REDIRECT] 
2024-11-23 13:35:10,181 [INFO] MainUpdater:2873 - connection check result : 10
2024-11-23 13:35:10,182 [INFO] MainUpdater:290 - Updater Check For Update Now.
2024-11-23 13:35:10,182 [INFO] MicroXplorer:498 - Change Database Version : DB.6.0.121
2024-11-23 13:35:10,202 [INFO] McuFinderGlobals:63 - Set McuFinder mode to 2 (CubeIDE integrated)
2024-11-23 13:35:10,211 [INFO] UserAuth:417 - Internet connection configuration mode: 1
2024-11-23 13:35:10,253 [INFO] JxBrowserEngine:152 - Initiate JxBrowser Engine with user profile folder
2024-11-23 13:35:10,414 [INFO] CheckServerUpdateThread:120 - End of CheckServer Thread
2024-11-23 13:35:11,285 [WARN] PackLoader:240 - Cannot read IP mode file for STMicroelectronics.FP-SNS-MOTENVWB1.1.4.0
2024-11-23 13:35:11,301 [WARN] PackLoader:240 - Cannot read IP mode file for STMicroelectronics.FP-ATR-ASTRA1.2.0.1
2024-11-23 13:35:11,316 [WARN] PackLoader:240 - Cannot read IP mode file for STMicroelectronics.X-CUBE-SMBUS.2.1.0
2024-11-23 13:35:11,332 [WARN] PackLoader:240 - Cannot read IP mode file for STMicroelectronics.X-CUBE-WB05N.1.1.0
2024-11-23 13:35:11,368 [WARN] PackLoader:240 - Cannot read IP mode file for STMicroelectronics.X-CUBE-AZRTOS-F7.1.1.0
2024-11-23 13:35:11,441 [WARN] PackLoader:240 - Cannot read IP mode file for STMicroelectronics.X-CUBE-MEMS1.11.0.0
2024-11-23 13:35:11,562 [WARN] PackLoader:240 - Cannot read IP mode file for STMicroelectronics.FP-SNS-FLIGHT1.5.0.2
2024-11-23 13:35:11,577 [WARN] PackLoader:240 - Cannot read IP mode file for STMicroelectronics.X-CUBE-DISPLAY.3.0.0
2024-11-23 13:35:11,596 [WARN] PackLoader:240 - Cannot read IP mode file for STMicroelectronics.X-CUBE-BLE1.7.0.0
2024-11-23 13:35:11,614 [WARN] PackLoader:240 - Cannot read IP mode file for STMicroelectronics.X-CUBE-NFC10.1.0.0
2024-11-23 13:35:11,632 [WARN] PackLoader:240 - Cannot read IP mode file for emotas.I-CUBE-CANOPEN.1.3.0
2024-11-23 13:35:11,649 [WARN] PackLoader:240 - Cannot read IP mode file for STMicroelectronics.X-CUBE-BLEMGR.3.1.0
2024-11-23 13:35:11,663 [WARN] PackLoader:240 - Cannot read IP mode file for STMicroelectronics.FP-SNS-SMARTAG2.1.2.0
2024-11-23 13:35:11,685 [INFO] LogOutputStream:77 - [STDOUT_REDIRECT] 1 : Invalid condition id : UX_CORESTACK_Condition cause : null
2024-11-23 13:35:11,686 [INFO] LogOutputStream:77 - [STDOUT_REDIRECT] 1 : Invalid condition id : UX_CORESTACK_Condition cause : null
2024-11-23 13:35:11,686 [INFO] LogOutputStream:77 - [STDOUT_REDIRECT] 1 : Invalid condition id : UX_CORESTACK_Condition cause : null
2024-11-23 13:35:11,687 [INFO] LogOutputStream:77 - [STDOUT_REDIRECT] 1 : Invalid condition id : UX_CORESTACK_Condition cause : null
2024-11-23 13:35:11,688 [INFO] LogOutputStream:77 - [STDOUT_REDIRECT] 1 : Invalid condition id : UX_CORESTACK_Condition cause : null
2024-11-23 13:35:11,689 [WARN] PackLoader:240 - Cannot read IP mode file for STMicroelectronics.X-CUBE-AZRTOS-WL.2.0.0
2024-11-23 13:35:11,705 [WARN] PackLoader:240 - Cannot read IP mode file for STMicroelectronics.FP-SNS-MOTENV1.5.0.0
2024-11-23 13:35:11,722 [WARN] PackLoader:240 - Cannot read IP mode file for wolfSSL.I-CUBE-wolfMQTT.1.19.0
2024-11-23 13:35:11,741 [WARN] PackLoader:240 - Cannot read IP mode file for WES.I-CUBE-Cesium.1.3.0
2024-11-23 13:35:11,756 [WARN] PackLoader:240 - Cannot read IP mode file for STMicroelectronics.X-CUBE-BLE2.3.3.0
2024-11-23 13:35:11,773 [WARN] PackLoader:240 - Cannot read IP mode file for STMicroelectronics.X-CUBE-NFC9.1.0.0
2024-11-23 13:35:11,788 [WARN] PackLoader:240 - Cannot read IP mode file for STMicroelectronics.X-CUBE-TCPP.4.1.0
2024-11-23 13:35:11,816 [WARN] PackLoader:240 - Cannot read IP mode file for STMicroelectronics.X-CUBE-AZRTOS-G0.1.1.0
2024-11-23 13:35:11,836 [WARN] PackLoader:240 - Cannot read IP mode file for STMicroelectronics.X-CUBE-SAFEA1.1.2.2
2024-11-23 13:35:11,855 [WARN] PackLoader:240 - Cannot read IP mode file for STMicroelectronics.X-CUBE-NFC4.3.0.0
2024-11-23 13:35:11,875 [WARN] PackLoader:240 - Cannot read IP mode file for EmbeddedOffice.I-CUBE-FS-RTOS.1.0.1
2024-11-23 13:35:11,875 [ERROR] ConditionMgr:805 - Attr not supported : Dmpu
2024-11-23 13:35:11,875 [ERROR] ConditionMgr:805 - Attr not supported : Dmpu
2024-11-23 13:35:11,875 [ERROR] ConditionMgr:805 - Attr not supported : Dmpu
2024-11-23 13:35:11,875 [ERROR] ConditionMgr:805 - Attr not supported : Dmpu
2024-11-23 13:35:11,875 [ERROR] ConditionMgr:805 - Attr not supported : Dmpu
2024-11-23 13:35:11,875 [ERROR] ConditionMgr:805 - Attr not supported : Dmpu
2024-11-23 13:35:11,875 [ERROR] ConditionMgr:805 - Attr not supported : Dmpu
2024-11-23 13:35:11,875 [ERROR] ConditionMgr:805 - Attr not supported : Dmpu
2024-11-23 13:35:11,876 [ERROR] ConditionMgr:805 - Attr not supported : Dmpu
2024-11-23 13:35:11,876 [ERROR] ConditionMgr:805 - Attr not supported : Dmpu
2024-11-23 13:35:11,876 [ERROR] ConditionMgr:805 - Attr not supported : Dmpu
2024-11-23 13:35:11,876 [ERROR] ConditionMgr:805 - Attr not supported : Dmpu
2024-11-23 13:35:11,876 [ERROR] ConditionMgr:805 - Attr not supported : Dmpu
2024-11-23 13:35:11,876 [ERROR] ConditionMgr:805 - Attr not supported : Dmpu
2024-11-23 13:35:11,876 [ERROR] ConditionMgr:805 - Attr not supported : Dmpu
2024-11-23 13:35:11,876 [ERROR] ConditionMgr:805 - Attr not supported : Dmpu
2024-11-23 13:35:11,876 [ERROR] ConditionMgr:805 - Attr not supported : Dmpu
2024-11-23 13:35:11,876 [ERROR] ConditionMgr:805 - Attr not supported : Dmpu
2024-11-23 13:35:11,876 [ERROR] ConditionMgr:805 - Attr not supported : Dmpu
2024-11-23 13:35:11,877 [ERROR] ConditionMgr:805 - Attr not supported : Dmpu
2024-11-23 13:35:11,877 [ERROR] ConditionMgr:805 - Attr not supported : Dmpu
2024-11-23 13:35:11,877 [ERROR] ConditionMgr:805 - Attr not supported : Dmpu
2024-11-23 13:35:11,877 [ERROR] ConditionMgr:805 - Attr not supported : Dmpu
2024-11-23 13:35:11,877 [ERROR] ConditionMgr:805 - Attr not supported : Dmpu
2024-11-23 13:35:11,877 [ERROR] ConditionMgr:805 - Attr not supported : Dmpu
2024-11-23 13:35:11,877 [ERROR] ConditionMgr:805 - Attr not supported : Dmpu
2024-11-23 13:35:11,877 [ERROR] ConditionMgr:805 - Attr not supported : Dmpu
2024-11-23 13:35:11,877 [ERROR] ConditionMgr:805 - Attr not supported : Dmpu
2024-11-23 13:35:11,877 [ERROR] ConditionMgr:805 - Attr not supported : Dmpu
2024-11-23 13:35:11,877 [ERROR] ConditionMgr:805 - Attr not supported : Dmpu
2024-11-23 13:35:11,877 [ERROR] ConditionMgr:805 - Attr not supported : Dmpu
2024-11-23 13:35:11,878 [ERROR] ConditionMgr:805 - Attr not supported : Dmpu
2024-11-23 13:35:11,878 [ERROR] ConditionMgr:805 - Attr not supported : Dmpu
2024-11-23 13:35:11,878 [ERROR] ConditionMgr:805 - Attr not supported : Dmpu
2024-11-23 13:35:11,878 [ERROR] ConditionMgr:805 - Attr not supported : Dmpu
2024-11-23 13:35:11,878 [ERROR] ConditionMgr:805 - Attr not supported : Dmpu
2024-11-23 13:35:11,878 [ERROR] ConditionMgr:805 - Attr not supported : Dmpu
2024-11-23 13:35:11,878 [ERROR] ConditionMgr:805 - Attr not supported : Dmpu
2024-11-23 13:35:11,878 [ERROR] ConditionMgr:805 - Attr not supported : Dmpu
2024-11-23 13:35:11,878 [ERROR] ConditionMgr:805 - Attr not supported : Dmpu
2024-11-23 13:35:11,878 [ERROR] ConditionMgr:805 - Attr not supported : Dmpu
2024-11-23 13:35:11,878 [ERROR] ConditionMgr:805 - Attr not supported : Dmpu
2024-11-23 13:35:11,878 [ERROR] ConditionMgr:805 - Attr not supported : Dmpu
2024-11-23 13:35:11,878 [ERROR] ConditionMgr:805 - Attr not supported : Dmpu
2024-11-23 13:35:11,878 [ERROR] ConditionMgr:805 - Attr not supported : Dmpu
2024-11-23 13:35:11,878 [ERROR] ConditionMgr:805 - Attr not supported : Dmpu
2024-11-23 13:35:11,878 [ERROR] ConditionMgr:805 - Attr not supported : Dmpu
2024-11-23 13:35:11,878 [ERROR] ConditionMgr:805 - Attr not supported : Dmpu
2024-11-23 13:35:11,878 [ERROR] ConditionMgr:805 - Attr not supported : Dmpu
2024-11-23 13:35:11,879 [ERROR] ConditionMgr:805 - Attr not supported : Dmpu
2024-11-23 13:35:11,879 [ERROR] ConditionMgr:805 - Attr not supported : Dmpu
2024-11-23 13:35:11,879 [ERROR] ConditionMgr:805 - Attr not supported : Dmpu
2024-11-23 13:35:11,879 [ERROR] ConditionMgr:805 - Attr not supported : Dmpu
2024-11-23 13:35:11,879 [ERROR] ConditionMgr:805 - Attr not supported : Dmpu
2024-11-23 13:35:11,879 [ERROR] ConditionMgr:805 - Attr not supported : Dmpu
2024-11-23 13:35:11,879 [ERROR] ConditionMgr:805 - Attr not supported : Dmpu
2024-11-23 13:35:11,879 [ERROR] ConditionMgr:805 - Attr not supported : Dmpu
2024-11-23 13:35:11,879 [ERROR] ConditionMgr:805 - Attr not supported : Dmpu
2024-11-23 13:35:11,879 [ERROR] ConditionMgr:805 - Attr not supported : Dmpu
2024-11-23 13:35:11,879 [ERROR] ConditionMgr:805 - Attr not supported : Dmpu
2024-11-23 13:35:11,879 [ERROR] ConditionMgr:805 - Attr not supported : Dmpu
2024-11-23 13:35:11,879 [ERROR] ConditionMgr:805 - Attr not supported : Dmpu
2024-11-23 13:35:11,879 [ERROR] ConditionMgr:805 - Attr not supported : Dmpu
2024-11-23 13:35:11,879 [ERROR] ConditionMgr:805 - Attr not supported : Dmpu
2024-11-23 13:35:11,898 [WARN] PackLoader:240 - Cannot read IP mode file for RealThread.X-CUBE-RT-Thread_Nano.4.1.1
2024-11-23 13:35:11,912 [WARN] PackLoader:240 - Cannot read IP mode file for STMicroelectronics.FP-ATR-SIGFOX1.3.2.0
2024-11-23 13:35:11,929 [WARN] PackLoader:240 - Cannot read IP mode file for wolfSSL.I-CUBE-wolfSSL.5.7.2
2024-11-23 13:35:11,944 [WARN] ConditionMgr:438 - getConditionDescription Invalid condition id : Cortex-A Device cause : null
2024-11-23 13:35:11,968 [WARN] ConditionMgr:1039 - genDependencies : Invalid condition id : Cortex-A Device cause : null
2024-11-23 13:35:11,969 [WARN] ConditionMgr:1039 - genDependencies : Invalid condition id : Cortex-A Device cause : null
2024-11-23 13:35:11,969 [WARN] ConditionMgr:1039 - genDependencies : Invalid condition id : Cortex-A Device cause : null
2024-11-23 13:35:11,985 [WARN] PackLoader:240 - Cannot read IP mode file for STMicroelectronics.X-CUBE-EEPRMA1.5.1.0
2024-11-23 13:35:12,003 [WARN] PackLoader:240 - Cannot read IP mode file for ITTIA_DB.I-CUBE-ITTIADB.8.9.0
2024-11-23 13:35:12,037 [WARN] PackLoader:240 - Cannot read IP mode file for SEGGER.I-CUBE-embOS.1.3.1
2024-11-23 13:35:12,075 [WARN] PackLoader:240 - Cannot read IP mode file for STMicroelectronics.X-CUBE-ALGOBUILD.1.4.0
2024-11-23 13:35:12,090 [WARN] PackLoader:240 - Cannot read IP mode file for STMicroelectronics.X-CUBE-AI.9.1.0
2024-11-23 13:35:12,116 [WARN] PackLoader:240 - Cannot read IP mode file for STMicroelectronics.X-CUBE-AZRTOS-F4.1.1.0
2024-11-23 13:35:12,134 [WARN] PackLoader:240 - Cannot read IP mode file for STMicroelectronics.X-CUBE-ISPU.2.1.0
2024-11-23 13:35:12,149 [WARN] PackLoader:240 - Cannot read IP mode file for STMicroelectronics.X-CUBE-FREERTOS.1.2.0
2024-11-23 13:35:12,174 [WARN] PackLoader:240 - Cannot read IP mode file for STMicroelectronics.X-CUBE-AZRTOS-L5.2.0.0
2024-11-23 13:35:12,191 [WARN] PackLoader:240 - Cannot read IP mode file for STMicroelectronics.X-CUBE-NFC6.3.1.0
2024-11-23 13:35:12,208 [WARN] PackLoader:240 - Cannot read IP mode file for STMicroelectronics.X-CUBE-DPower.1.2.0
2024-11-23 13:35:12,223 [WARN] PackLoader:240 - Cannot read IP mode file for STMicroelectronics.X-CUBE-AI.9.0.0
2024-11-23 13:35:12,237 [WARN] PackLoader:240 - Cannot read IP mode file for STMicroelectronics.X-CUBE-NFC7.1.0.1
2024-11-23 13:35:12,265 [WARN] ConditionMgr:438 - getConditionDescription Invalid condition id : LAN8742 Phy interface Condition cause : null
2024-11-23 13:35:12,265 [WARN] PackLoader:240 - Cannot read IP mode file for STMicroelectronics.X-CUBE-AZRTOS-L4.2.0.0
2024-11-23 13:35:12,267 [WARN] ConditionMgr:1039 - genDependencies : Invalid condition id : LAN8742 Phy interface Condition cause : null
2024-11-23 13:35:12,267 [WARN] ConditionMgr:1039 - genDependencies : Invalid condition id : LAN8742 Phy interface Condition cause : null
2024-11-23 13:35:12,267 [WARN] ConditionMgr:1039 - genDependencies : Invalid condition id : LAN8742 Phy interface Condition cause : null
2024-11-23 13:35:12,284 [WARN] PackLoader:240 - Cannot read IP mode file for STMicroelectronics.X-CUBE-SFXS2LP1.4.0.0
2024-11-23 13:35:12,315 [WARN] PackLoader:240 - Cannot read IP mode file for STMicroelectronics.X-CUBE-AZRTOS-H7.3.3.0
2024-11-23 13:35:12,336 [WARN] PackLoader:240 - Cannot read IP mode file for STMicroelectronics.X-CUBE-IPS.3.0.0
2024-11-23 13:35:12,360 [WARN] ConditionMgr:438 - getConditionDescription Invalid condition id : UX DEVICE CLASS RTOS Condition cause : null
2024-11-23 13:35:12,361 [WARN] ConditionMgr:438 - getConditionDescription Invalid condition id : UX DEVICE CLASS RTOS Condition cause : null
2024-11-23 13:35:12,362 [WARN] PackLoader:240 - Cannot read IP mode file for STMicroelectronics.X-CUBE-AZRTOS-WB.2.0.0
2024-11-23 13:35:12,362 [WARN] ConditionMgr:1039 - genDependencies : Invalid condition id : UX DEVICE CLASS RTOS Condition cause : null
2024-11-23 13:35:12,362 [WARN] ConditionMgr:1039 - genDependencies : Invalid condition id : UX DEVICE CLASS RTOS Condition cause : null
2024-11-23 13:35:12,362 [WARN] ConditionMgr:1039 - genDependencies : Invalid condition id : UX DEVICE CLASS RTOS Condition cause : null
2024-11-23 13:35:12,363 [WARN] ConditionMgr:1039 - genDependencies : Invalid condition id : UX DEVICE CLASS RTOS Condition cause : null
2024-11-23 13:35:12,363 [WARN] ConditionMgr:1039 - genDependencies : Invalid condition id : UX DEVICE CLASS RTOS Condition cause : null
2024-11-23 13:35:12,377 [WARN] PackLoader:240 - Cannot read IP mode file for STMicroelectronics.X-CUBE-GNSS1.7.0.0
2024-11-23 13:35:12,393 [WARN] PackLoader:240 - Cannot read IP mode file for STMicroelectronics.FP-SNS-STBOX1.2.0.0
2024-11-23 13:35:12,410 [WARN] PackLoader:240 - Cannot read IP mode file for STMicroelectronics.X-CUBE-SUBG2.5.0.0
2024-11-23 13:35:12,423 [WARN] PackLoader:240 - Cannot read IP mode file for Cesanta.I-CUBE-Mongoose.7.13.0
2024-11-23 13:35:12,441 [WARN] PackLoader:240 - Cannot read IP mode file for STMicroelectronics.X-CUBE-AZRTOS-G4.2.0.0
2024-11-23 13:35:12,452 [WARN] PackLoader:240 - Cannot read IP mode file for STMicroelectronics.X-CUBE-ALS.1.0.2
2024-11-23 13:35:12,463 [WARN] PackLoader:240 - Cannot read IP mode file for STMicroelectronics.X-CUBE-TOUCHGFX.4.24.0
2024-11-23 13:35:12,473 [WARN] PackLoader:240 - Cannot read IP mode file for STMicroelectronics.X-CUBE-TOUCHGFX.4.24.1
2024-11-23 13:35:12,486 [WARN] PackLoader:240 - Cannot read IP mode file for wolfSSL.I-CUBE-wolfTPM.3.4.0
2024-11-23 13:35:12,498 [WARN] PackLoader:240 - Cannot read IP mode file for portGmbH.I-Cube-SoM-uGOAL.1.1.0
2024-11-23 13:35:12,521 [WARN] PackLoader:240 - Cannot read IP mode file for STMicroelectronics.X-CUBE-AZRTOS-H7RS.1.0.0
2024-11-23 13:35:12,532 [WARN] PackLoader:240 - Cannot read IP mode file for STMicroelectronics.FP-ATR-ASTRA1.2.0.0
2024-11-23 13:35:12,549 [WARN] PackLoader:240 - Cannot read IP mode file for STMicroelectronics.X-CUBE-TOF1.3.4.2
2024-11-23 13:35:12,588 [WARN] PackLoader:240 - Cannot read IP mode file for Infineon.AIROC-Wi-Fi-Bluetooth-STM32.1.6.1
2024-11-23 13:35:12,607 [WARN] PackLoader:240 - Cannot read IP mode file for wolfSSL.I-CUBE-wolfSSH.1.4.17
2024-11-23 13:35:12,607 [INFO] ThirdParty:978 - Integrity check success = true
2024-11-23 13:35:12,607 [INFO] IntegrityCheckThread:100 - exiting critical section [integrity check]
2024-11-23 13:35:12,607 [INFO] IntegrityCheckThread:103 - End integrity checks thread
2024-11-23 13:35:16,363 [INFO] WebApp:167 - Instantiating new browser for Auth
2024-11-23 13:35:17,149 [INFO] WebApp:448 - Apply proxy settings
2024-11-23 13:35:17,149 [INFO] WebApp:533 - Chromium requires no authentication
2024-11-23 13:35:17,162 [INFO] WebApp:476 - Direct internet connection detected
2024-11-23 13:35:17,195 [INFO] WebApp:869 - Register for checkConnection events
2024-11-23 13:35:17,196 [INFO] WebApp:448 - Apply proxy settings
2024-11-23 13:35:17,196 [INFO] WebApp:533 - Chromium requires no authentication
2024-11-23 13:35:17,198 [INFO] WebApp:476 - Direct internet connection detected
2024-11-23 13:35:17,382 [INFO] WebApp:220 - Starting web application
2024-11-23 13:35:17,383 [INFO] WebApp:578 - Web application path used C:\ST\STM32CubeIDE_1.16.1\STM32CubeIDE\plugins\com.st.stm32cube.common.mx_6.12.1.202409122256\db\plugins\mcufinder\reactClient1\index.html
2024-11-23 13:35:17,544 [INFO] WebApp:186 - Connection restablished
2024-11-23 13:35:17,610 [INFO] UserAuth:417 - Internet connection configuration mode: 1
2024-11-23 14:28:07,597 [ERROR] LogOutputStream:75 - [STDERR_REDIRECT] 
2024-11-23 14:28:07,597 [ERROR] LogOutputStream:75 - [STDERR_REDIRECT] 
